


ARM Macro Assembler    Page 1 


    1 00000000         
    2 00000000                 THUMB
    3 00000000                 AREA             DATA, ALIGN=2
    4 00000000 00 00 00 
              00       M       SPACE            4
    5 00000004                 ALIGN
    6 00000004                 AREA             |.text|, CODE, READONLY, ALIGN=
2
    7 00000000                 EXPORT           Random_Init
    8 00000000                 EXPORT           Random
    9 00000000         Random_Init
   10 00000000 4A06            LDR              R2,=M
   11 00000002 F04F 0001       MOV              R0,#1
   12 00000006 6010            STR              R0,[R2]
   13 00000008 4770            BX               LR
   14 0000000A         
   15 0000000A 4A04    Random  LDR              R2,=M
   16 0000000C 6810            LDR              R0,[R2]
   17 0000000E 4904            LDR              R1,=1664525
   18 00000010 FB00 F001       MUL              R0,R0,R1
   19 00000014 4903            LDR              R1,=1013904223
   20 00000016 4408            ADD              R0,R1
   21 00000018 6010            STR              R0,[R2]
   22 0000001A 4770            BX               LR
   23 0000001C                 ALIGN
   24 0000001C                 END
              00000000 
              0019660D 
              3C6EF35F 
Command Line: --debug --xref --diag_suppress=9931 --cpu=Cortex-M4 --apcs=interw
ork --depend=.\random.d -o.\random.o -IC:\Keil_v5\ARM\RV31\INC -IC:\Keil_v5\ARM
\CMSIS\Include -IC:\Keil_v5\ARM\INC\Luminary --predefine="__RTX SETA 1" --prede
fine="__EVAL SETA 1" --predefine="__UVISION_VERSION SETA 530" --list=.\random.l
st random.s



ARM Macro Assembler    Page 1 Alphabetic symbol ordering
Relocatable symbols

DATA 00000000

Symbol: DATA
   Definitions
      At line 3 in file random.s
   Uses
      None
Comment: DATA unused
M 00000000

Symbol: M
   Definitions
      At line 4 in file random.s
   Uses
      At line 10 in file random.s
      At line 15 in file random.s

2 symbols



ARM Macro Assembler    Page 1 Alphabetic symbol ordering
Relocatable symbols

.text 00000000

Symbol: .text
   Definitions
      At line 6 in file random.s
   Uses
      None
Comment: .text unused
Random 0000000A

Symbol: Random
   Definitions
      At line 15 in file random.s
   Uses
      At line 8 in file random.s
Comment: Random used once
Random_Init 00000000

Symbol: Random_Init
   Definitions
      At line 9 in file random.s
   Uses
      At line 7 in file random.s
Comment: Random_Init used once
3 symbols
340 symbols in table
